c:\users\pc\source\repos\myslvcalibration\slv_core\x64\release\vc143.pdb
c:\users\pc\source\repos\myslvcalibration\slv_core\x64\release\slvcalibrator.obj
c:\users\pc\source\repos\myslvcalibration\slv_core\x64\release\localvolboostrapper.obj
c:\users\pc\source\repos\myslvcalibration\slv_core\x64\release\hestonmodel.obj
c:\users\pc\source\repos\myslvcalibration\slv_core\x64\release\statistics.obj
c:\users\pc\source\repos\myslvcalibration\slv_core\x64\release\python_bindings.obj
c:\users\pc\source\repos\myslvcalibration\x64\release\slv_engine.pyd
c:\users\pc\source\repos\myslvcalibration\x64\release\slv_engine.pdb
c:\users\pc\source\repos\myslvcalibration\x64\release\slv_engine.lib
c:\users\pc\source\repos\myslvcalibration\x64\release\slv_engine.exp
c:\users\pc\source\repos\myslvcalibration\slv_core\x64\release\slv_engine.ipdb
c:\users\pc\source\repos\myslvcalibration\slv_core\x64\release\slv_engine.iobj
c:\users\pc\source\repos\myslvcalibration\slv_core\x64\release\slv_core.tlog\cl.command.1.tlog
c:\users\pc\source\repos\myslvcalibration\slv_core\x64\release\slv_core.tlog\cl.items.tlog
c:\users\pc\source\repos\myslvcalibration\slv_core\x64\release\slv_core.tlog\cl.read.1.tlog
c:\users\pc\source\repos\myslvcalibration\slv_core\x64\release\slv_core.tlog\cl.write.1.tlog
c:\users\pc\source\repos\myslvcalibration\slv_core\x64\release\slv_core.tlog\link.command.1.tlog
c:\users\pc\source\repos\myslvcalibration\slv_core\x64\release\slv_core.tlog\link.read.1.tlog
c:\users\pc\source\repos\myslvcalibration\slv_core\x64\release\slv_core.tlog\link.secondary.1.tlog
c:\users\pc\source\repos\myslvcalibration\slv_core\x64\release\slv_core.tlog\link.write.1.tlog
